gui_exclusion -set_force true
# Preference setting overrides
gui_create_pref_key -category {Globals} -key {load_detail_for_funcov} -value_type {bool} -value {false}

# State setting overrides
gui_state_default_create -off -ini
gui_set_state_value -category Globals -key recent_cov_databases -value /home/Hanan_Alosimi/verification/lab6/task1/simv.vdb
gui_state_default_create -off

# Begin command logging
gui_open_cov -hier simv.vdb -testdir {} -test {simv/test} -merge MergedTest
gui_list_expand -id  CovHier.1   {/<Module List>}
gui_list_select -id CovHier.1 -current_item_name alu_test -current_item_type Module  { alu_test   } -type { Module  }
gui_list_action -id  CovHier.1 alu_test  -type {Module}
gui_list_select -id CovDetail.1 -list line { Statement   }
gui_list_select -id CovDetail.1 -list line { Statement  Block   }
gui_list_select -id CovDetail.1 -list line { Block  Statement   }
gui_list_select -id CovDetail.1 -list line { Statement  Block   }
gui_list_select -id CovDetail.1 -list line { Block   }
gui_list_select -id CovHier.1 -current_item_name top -current_item_type Scope  { alu_test  top   } -type { Module Scope  }
gui_list_expand -id  CovHier.1   top
gui_list_select -id CovHier.1 -current_item_name top.DUT -current_item_type Scope  { top  top.DUT   } -type { Scope Scope  }
gui_list_expand -id  CovHier.1   top.DUT
gui_list_select -id CovHier.1 -current_item_name top.TEST -current_item_type Scope  { top.DUT  top.TEST   } -type { Scope Scope  }
gui_list_action -id  CovHier.1 top.TEST  -type {Scope}
gui_list_select -id CovHier.1 -current_item_name top.DUT.add_sub_unit -current_item_type Scope  { top.TEST  top.DUT.add_sub_unit   } -type { Scope Scope  }
gui_list_select -id CovHier.1 -current_item_name top.DUT -current_item_type Scope  { top.DUT.add_sub_unit  top.DUT   } -type { Scope Scope  }
gui_list_collapse -id CovHier.1   top.DUT
gui_list_action -id  CovHier.1 top.DUT  -type {Scope}
gui_cov_src_double_click -id CovDetail.1 -line 6 -col 1 -insert 0 -file /home/Hanan_Alosimi/verification/lab6/task1/alu.sv
gui_list_select -id CovHier.1 -current_item_name top.TEST -current_item_type Scope  { top.DUT  top.TEST   } -type { Scope Scope  }
gui_list_action -id  CovHier.1 top.TEST  -type {Scope}
gui_list_select -id CovDetail.1 -list line { Statement   }
gui_list_action -id  CovDetail.1 -list {line} Statement
gui_list_select -id CovDetail.1 -list line { Statement   }
gui_list_select -id CovHier.1 -current_item_name top.TEST -current_item_type Scope  { top.TEST   } -type { Scope  }
gui_list_select -id CovHier.1 -current_item_name alu_test -current_item_type Module  { alu_test   } -type { Module  }
gui_list_select -id CovHier.1 -current_item_name top.TEST -current_item_type Scope  { alu_test  top.TEST   } -type { Module Scope  }
gui_list_select -id CovHier.1 -current_item_name top -current_item_type Module  { top.TEST  top   } -type { Scope Module  }
gui_list_select -id CovHier.1 -current_item_name alu -current_item_type Module  { top  alu   } -type { Module Module  }
gui_list_action -id  CovHier.1 alu  -type {Module}
gui_list_select -id CovHier.1 -current_item_name alu_test -current_item_type Module  { alu  alu_test   } -type { Module Module  }
gui_list_action -id  CovHier.1 alu_test  -type {Module}
gui_list_select -id CovDetail.1 -list line { Block   }
gui_list_select -id CovDetail.1 -list line { Block  Statement   }
gui_list_action -id  CovDetail.1 -list {line} Statement
gui_cov_src_double_click -id CovDetail.1 -line 23 -col 15 -insert 0 -file /home/Hanan_Alosimi/verification/lab6/task1/alu_test.sv
gui_list_select -id CovHier.1 -current_item_name {/<Function Groups>} -current_item_type {}  { alu_test  {/<Function Groups>}   } -type { Module {}  }
gui_list_expand -id CovHier.1   {/<Function Groups>}
gui_list_select -id CovHier.1 -current_item_name {/<Function Groups>/alu_test::ALU_CG} -current_item_type {Cover Group}  { {/<Function Groups>}  {/<Function Groups>/alu_test::ALU_CG}   } -type { {} {Cover Group}  }
gui_list_expand -id CovHier.1   {/<Function Groups>/alu_test::ALU_CG}
gui_list_action -id  CovHier.1 {/<Function Groups>/alu_test::ALU_CG}  -type {Cover Group}
gui_list_select -id CovDetail.1 -list covergroup { /alu_test::ALU_CG   } -type { {Cover Group}  }
gui_list_select -id CovDetail.1 -list covergroup { /alu_test::ALU_CG   } -type { {Cover Group}  }
gui_open_source -id CovDetail.1  -active  alu_test::ALU_CGMergedTest  -activate  -type {Cover Group}
gui_list_collapse -id CovDetail.1   /alu_test::ALU_CG
gui_list_action -id  CovDetail.1 -list {covergroup} /alu_test::ALU_CG  -type {Cover Group}
gui_open_source -id CovDetail.1  -active  alu_test::ALU_CGMergedTest  -activate  -type {Cover Group}
gui_list_expand -id CovDetail.1   /alu_test::ALU_CG
gui_list_action -id  CovDetail.1 -list {covergroup} /alu_test::ALU_CG  -type {Cover Group}
gui_list_select -id CovHier.1 -current_item_name top.TEST -current_item_type Scope  { {/<Function Groups>/alu_test::ALU_CG}  top.TEST   } -type { {Cover Group} Scope  }
gui_list_select -id CovHier.1 -current_item_name {/<Function Groups>/alu_test::ALU_CG} -current_item_type {Cover Group}  { top.TEST  {/<Function Groups>/alu_test::ALU_CG}   } -type { Scope {Cover Group}  }
gui_list_collapse -id CovHier.1   {/<Function Groups>/alu_test::ALU_CG}
gui_list_action -id  CovHier.1 {/<Function Groups>/alu_test::ALU_CG}  -type {Cover Group}
gui_list_select -id CovHier.1 -current_item_name {/<Module List>} -current_item_type {}  { {/<Function Groups>/alu_test::ALU_CG}  {/<Module List>}   } -type { {Cover Group} {}  }
gui_list_select -id CovHier.1 -current_item_name top.DUT -current_item_type Scope  { {/<Module List>}  top.DUT   } -type { {} Scope  }
gui_list_expand -id CovHier.1   top.DUT
gui_list_action -id  CovHier.1 top.DUT  -type {Scope}
gui_list_select -id CovHier.1 -current_item_name alu_test -current_item_type Module  { top.DUT  alu_test   } -type { Scope Module  }
gui_list_action -id  CovHier.1 alu_test  -type {Module}
gui_list_select -id CovHier.1 -current_item_name n_bit_add_sub -current_item_type Module  { alu_test  n_bit_add_sub   } -type { Module Module  }
gui_list_action -id  CovHier.1 n_bit_add_sub  -type {Module}
gui_list_select -id CovHier.1 -current_item_name n_bit_add_sub -current_item_type Module  { n_bit_add_sub   } -type { Module  }
gui_list_select -id CovHier.1 -current_item_name {/<Design Hierarchy>} -current_item_type {}  { {/<Design Hierarchy>}   } -type { {}  }
gui_list_collapse -id CovHier.1   {/<Design Hierarchy>}
gui_list_select -id CovHier.1 -current_item_name {/<Function Groups>/alu_test::ALU_CG} -current_item_type {Cover Group}  { {/<Design Hierarchy>}  {/<Function Groups>/alu_test::ALU_CG}   } -type { {} {Cover Group}  }
gui_list_expand -id CovHier.1   {/<Function Groups>/alu_test::ALU_CG}
gui_list_action -id  CovHier.1 {/<Function Groups>/alu_test::ALU_CG}  -type {Cover Group}
